mode: set
github.com/renorris/vintagestory-restic/internal/downloader/downloader.go:19.61,21.53 1 1
github.com/renorris/vintagestory-restic/internal/downloader/downloader.go:21.53,23.3 1 0
github.com/renorris/vintagestory-restic/internal/downloader/downloader.go:26.2,27.16 2 1
github.com/renorris/vintagestory-restic/internal/downloader/downloader.go:27.16,29.3 1 0
github.com/renorris/vintagestory-restic/internal/downloader/downloader.go:30.2,32.38 2 1
github.com/renorris/vintagestory-restic/internal/downloader/downloader.go:32.38,34.3 1 1
github.com/renorris/vintagestory-restic/internal/downloader/downloader.go:37.2,38.16 2 1
github.com/renorris/vintagestory-restic/internal/downloader/downloader.go:38.16,40.3 1 1
github.com/renorris/vintagestory-restic/internal/downloader/downloader.go:41.2,48.6 4 1
github.com/renorris/vintagestory-restic/internal/downloader/downloader.go:48.6,50.20 2 1
github.com/renorris/vintagestory-restic/internal/downloader/downloader.go:50.20,51.9 1 1
github.com/renorris/vintagestory-restic/internal/downloader/downloader.go:53.3,53.17 1 1
github.com/renorris/vintagestory-restic/internal/downloader/downloader.go:53.17,55.4 1 0
github.com/renorris/vintagestory-restic/internal/downloader/downloader.go:59.3,68.17 5 1
github.com/renorris/vintagestory-restic/internal/downloader/downloader.go:68.17,70.4 1 0
github.com/renorris/vintagestory-restic/internal/downloader/downloader.go:71.3,72.17 2 1
github.com/renorris/vintagestory-restic/internal/downloader/downloader.go:72.17,74.4 1 0
github.com/renorris/vintagestory-restic/internal/downloader/downloader.go:75.3,75.114 1 1
github.com/renorris/vintagestory-restic/internal/downloader/downloader.go:75.114,77.4 1 1
github.com/renorris/vintagestory-restic/internal/downloader/downloader.go:80.3,80.26 1 1
github.com/renorris/vintagestory-restic/internal/downloader/downloader.go:81.20,82.68 1 1
github.com/renorris/vintagestory-restic/internal/downloader/downloader.go:82.68,84.5 1 0
github.com/renorris/vintagestory-restic/internal/downloader/downloader.go:86.20,87.74 1 1
github.com/renorris/vintagestory-restic/internal/downloader/downloader.go:87.74,89.5 1 0
github.com/renorris/vintagestory-restic/internal/downloader/downloader.go:90.4,90.20 1 1
github.com/renorris/vintagestory-restic/internal/downloader/downloader.go:92.24,93.70 1 1
github.com/renorris/vintagestory-restic/internal/downloader/downloader.go:93.70,95.5 1 0
github.com/renorris/vintagestory-restic/internal/downloader/downloader.go:97.11,97.11 0 0
github.com/renorris/vintagestory-restic/internal/downloader/downloader.go:103.2,104.16 2 1
github.com/renorris/vintagestory-restic/internal/downloader/downloader.go:104.16,111.65 3 1
github.com/renorris/vintagestory-restic/internal/downloader/downloader.go:111.65,113.4 1 0
github.com/renorris/vintagestory-restic/internal/downloader/downloader.go:116.2,116.28 1 1
github.com/renorris/vintagestory-restic/internal/downloader/downloader.go:120.54,122.2 1 1
github.com/renorris/vintagestory-restic/internal/downloader/downloader.go:125.78,127.68 1 1
github.com/renorris/vintagestory-restic/internal/downloader/downloader.go:127.68,129.3 1 0
github.com/renorris/vintagestory-restic/internal/downloader/downloader.go:132.2,133.16 2 1
github.com/renorris/vintagestory-restic/internal/downloader/downloader.go:133.16,135.3 1 0
github.com/renorris/vintagestory-restic/internal/downloader/downloader.go:136.2,139.55 2 1
github.com/renorris/vintagestory-restic/internal/downloader/downloader.go:139.55,141.3 1 0
github.com/renorris/vintagestory-restic/internal/downloader/downloader.go:143.2,143.12 1 1
github.com/renorris/vintagestory-restic/internal/downloader/downloader.go:147.56,149.2 1 1
github.com/renorris/vintagestory-restic/internal/downloader/downloader.go:158.64,161.16 3 1
github.com/renorris/vintagestory-restic/internal/downloader/downloader.go:161.16,163.3 1 0
github.com/renorris/vintagestory-restic/internal/downloader/downloader.go:164.2,164.62 1 1
github.com/renorris/vintagestory-restic/internal/downloader/downloader.go:164.62,166.3 1 0
github.com/renorris/vintagestory-restic/internal/downloader/downloader.go:167.2,167.12 1 1
github.com/renorris/vintagestory-restic/internal/downloader/downloader.go:171.62,174.16 3 1
github.com/renorris/vintagestory-restic/internal/downloader/downloader.go:174.16,175.25 1 1
github.com/renorris/vintagestory-restic/internal/downloader/downloader.go:175.25,177.4 1 1
github.com/renorris/vintagestory-restic/internal/downloader/downloader.go:178.3,178.70 1 0
github.com/renorris/vintagestory-restic/internal/downloader/downloader.go:181.2,182.52 2 1
github.com/renorris/vintagestory-restic/internal/downloader/downloader.go:182.52,184.3 1 1
github.com/renorris/vintagestory-restic/internal/downloader/downloader.go:187.2,189.19 2 1
github.com/renorris/vintagestory-restic/internal/downloader/downloader.go:193.42,195.16 2 1
github.com/renorris/vintagestory-restic/internal/downloader/downloader.go:195.16,197.3 1 0
github.com/renorris/vintagestory-restic/internal/downloader/downloader.go:198.2,200.38 2 1
github.com/renorris/vintagestory-restic/internal/downloader/downloader.go:200.38,202.3 1 1
github.com/renorris/vintagestory-restic/internal/downloader/downloader.go:204.2,205.16 2 1
github.com/renorris/vintagestory-restic/internal/downloader/downloader.go:205.16,207.3 1 1
github.com/renorris/vintagestory-restic/internal/downloader/downloader.go:210.2,212.18 2 1
github.com/renorris/vintagestory-restic/internal/downloader/downloader.go:217.57,219.16 2 1
github.com/renorris/vintagestory-restic/internal/downloader/downloader.go:219.16,221.3 1 1
github.com/renorris/vintagestory-restic/internal/downloader/downloader.go:223.2,224.16 2 1
github.com/renorris/vintagestory-restic/internal/downloader/downloader.go:224.16,226.3 1 0
github.com/renorris/vintagestory-restic/internal/downloader/downloader.go:229.2,229.25 1 1
github.com/renorris/vintagestory-restic/internal/downloader/downloader.go:229.25,231.3 1 1
github.com/renorris/vintagestory-restic/internal/downloader/downloader.go:234.2,237.29 2 1
github.com/renorris/vintagestory-restic/internal/downloader/downloader.go:237.29,239.3 1 1
github.com/renorris/vintagestory-restic/internal/downloader/downloader.go:242.2,242.55 1 1
github.com/renorris/vintagestory-restic/internal/downloader/downloader.go:242.55,244.3 1 1
github.com/renorris/vintagestory-restic/internal/downloader/downloader.go:247.2,247.19 1 1
github.com/renorris/vintagestory-restic/internal/downloader/downloader.go:254.53,259.16 3 1
github.com/renorris/vintagestory-restic/internal/downloader/downloader.go:259.16,261.3 1 0
github.com/renorris/vintagestory-restic/internal/downloader/downloader.go:262.2,266.15 3 1
github.com/renorris/vintagestory-restic/internal/downloader/downloader.go:266.15,268.3 1 1
github.com/renorris/vintagestory-restic/internal/downloader/downloader.go:271.2,273.16 3 1
github.com/renorris/vintagestory-restic/internal/downloader/downloader.go:273.16,277.3 3 1
github.com/renorris/vintagestory-restic/internal/downloader/downloader.go:279.2,279.20 1 1
github.com/renorris/vintagestory-restic/internal/downloader/downloader.go:279.20,282.3 2 1
github.com/renorris/vintagestory-restic/internal/downloader/downloader.go:285.2,285.46 1 1
github.com/renorris/vintagestory-restic/internal/downloader/downloader.go:285.46,287.49 2 1
github.com/renorris/vintagestory-restic/internal/downloader/downloader.go:287.49,289.4 1 0
github.com/renorris/vintagestory-restic/internal/downloader/downloader.go:292.2,296.16 4 1
github.com/renorris/vintagestory-restic/internal/downloader/downloader.go:296.16,298.3 1 0
github.com/renorris/vintagestory-restic/internal/downloader/downloader.go:300.2,301.12 2 1
